<?xml version="1.0" encoding="UTF-8"?>
<robot generator="Robot 6.1.1 (Python 3.11.2 on linux)" generated="20251115 22:29:29.715" rpa="false" schemaversion="4">
<suite id="s1" name="Login" source="/home/janneh/uusi-repositorio/osa3/login-robot/src/tests/login.robot">
<test id="s1-t1" name="Login With Correct Credentials" line="6">
<kw name="Create User And Input Login Command" type="SETUP">
<kw name="Create User" library="AppLibrary">
<arg>kalle</arg>
<arg>kalle123</arg>
<status status="PASS" starttime="20251115 22:29:29.810" endtime="20251115 22:29:29.811"/>
</kw>
<kw name="Input Login Command" library="resource">
<kw name="Input" library="AppLibrary">
<arg>login</arg>
<status status="PASS" starttime="20251115 22:29:29.812" endtime="20251115 22:29:29.812"/>
</kw>
<status status="PASS" starttime="20251115 22:29:29.811" endtime="20251115 22:29:29.812"/>
</kw>
<status status="PASS" starttime="20251115 22:29:29.810" endtime="20251115 22:29:29.812"/>
</kw>
<kw name="Input Credentials" library="resource">
<arg>kalle</arg>
<arg>kalle123</arg>
<kw name="Input" library="AppLibrary">
<arg>${username}</arg>
<status status="PASS" starttime="20251115 22:29:29.813" endtime="20251115 22:29:29.813"/>
</kw>
<kw name="Input" library="AppLibrary">
<arg>${password}</arg>
<status status="PASS" starttime="20251115 22:29:29.814" endtime="20251115 22:29:29.814"/>
</kw>
<kw name="Run Application" library="AppLibrary">
<status status="PASS" starttime="20251115 22:29:29.814" endtime="20251115 22:31:15.987"/>
</kw>
<status status="PASS" starttime="20251115 22:29:29.812" endtime="20251115 22:31:15.991"/>
</kw>
<kw name="Output Should Contain" library="AppLibrary">
<arg>Logged in</arg>
<msg timestamp="20251115 22:31:16.000" level="FAIL">Output "Logged in" is not in ['']</msg>
<status status="FAIL" starttime="20251115 22:31:15.996" endtime="20251115 22:31:16.004"/>
</kw>
<status status="FAIL" starttime="20251115 22:29:29.809" endtime="20251115 22:31:16.007">Output "Logged in" is not in ['']</status>
</test>
<status status="FAIL" starttime="20251115 22:29:29.717" endtime="20251115 22:31:16.012"/>
</suite>
<statistics>
<total>
<stat pass="0" fail="1" skip="0">All Tests</stat>
</total>
<tag>
</tag>
<suite>
<stat pass="0" fail="1" skip="0" id="s1" name="Login">Login</stat>
</suite>
</statistics>
<errors>
</errors>
</robot>
